<?xml version="1.0" encoding="UTF-8"?>
<!-- Generated by org.testng.reporters.JUnitXMLReporter -->
<testsuite hostname="DATLE" ignored="5" name="ChromeTest" tests="210" failures="0" timestamp="17 Jan 2018 04:22:57 GMT" time="1867.975" errors="0">
  <testcase name="logInOut" time="0.037" classname="com.tc911.testcases.reports200.Reports200"/>
  <testcase name="logInOut" time="0.04" classname="com.tc911.testcases.reports200.Reports200"/>
  <testcase name="logInOut" time="0.034" classname="com.tc911.testcases.reports200.Reports200"/>
  <testcase name="logInOut" time="0.037" classname="com.tc911.testcases.reports200.Reports200"/>
  <testcase name="logInOut" time="0.034" classname="com.tc911.testcases.reports200.Reports200"/>
  <testcase name="logInOut" time="0.031" classname="com.tc911.testcases.reports200.Reports200"/>
  <testcase name="logInOut" time="0.035" classname="com.tc911.testcases.reports200.Reports200"/>
  <testcase name="logInOut" time="0.035" classname="com.tc911.testcases.reports200.Reports200"/>
  <testcase name="logInOut" time="0.031" classname="com.tc911.testcases.reports200.Reports200"/>
  <testcase name="logInOut" time="0.862" classname="com.tc911.testcases.reports200.Reports200"/>
  <testcase name="logInOut" time="0.037" classname="com.tc911.testcases.reports200.Reports200"/>
  <testcase name="logInOut" time="0.035" classname="com.tc911.testcases.reports200.Reports200"/>
  <testcase name="logInOut" time="0.032" classname="com.tc911.testcases.reports200.Reports200"/>
  <testcase name="logInOut" time="0.035" classname="com.tc911.testcases.reports200.Reports200"/>
  <testcase name="logInOut" time="0.032" classname="com.tc911.testcases.reports200.Reports200"/>
  <testcase name="logInOut" time="0.033" classname="com.tc911.testcases.reports200.Reports200"/>
  <testcase name="logInOut" time="0.033" classname="com.tc911.testcases.reports200.Reports200"/>
  <testcase name="logInOut" time="0.406" classname="com.tc911.testcases.reports200.Reports200"/>
  <testcase name="logInOut" time="0.03" classname="com.tc911.testcases.reports200.Reports200"/>
  <testcase name="logInOut" time="0.033" classname="com.tc911.testcases.reports200.Reports200"/>
  <testcase name="logInOut" time="0.034" classname="com.tc911.testcases.reports200.Reports200"/>
  <testcase name="logInOut" time="0.032" classname="com.tc911.testcases.reports200.Reports200"/>
  <testcase name="logInOut" time="0.031" classname="com.tc911.testcases.reports200.Reports200"/>
  <testcase name="logInOut" time="0.034" classname="com.tc911.testcases.reports200.Reports200"/>
  <testcase name="logInOut" time="0.03" classname="com.tc911.testcases.reports200.Reports200"/>
  <testcase name="logInOut" time="0.036" classname="com.tc911.testcases.reports200.Reports200"/>
  <testcase name="logInOut" time="0.031" classname="com.tc911.testcases.reports200.Reports200"/>
  <testcase name="logInOut" time="0.031" classname="com.tc911.testcases.reports200.Reports200"/>
  <testcase name="logInOut" time="0.654" classname="com.tc911.testcases.reports200.Reports200"/>
  <testcase name="logInOut" time="0.031" classname="com.tc911.testcases.reports200.Reports200"/>
  <testcase name="logInOut" time="0.032" classname="com.tc911.testcases.reports200.Reports200"/>
  <testcase name="logInOut" time="0.032" classname="com.tc911.testcases.reports200.Reports200"/>
  <testcase name="logInOut" time="0.032" classname="com.tc911.testcases.reports200.Reports200"/>
  <testcase name="logInOut" time="0.031" classname="com.tc911.testcases.reports200.Reports200"/>
  <testcase name="logInOut" time="0.032" classname="com.tc911.testcases.reports200.Reports200"/>
  <testcase name="logInOut" time="0.037" classname="com.tc911.testcases.reports200.Reports200"/>
  <testcase name="logInOut" time="0.034" classname="com.tc911.testcases.reports200.Reports200"/>
  <testcase name="logInOut" time="0.03" classname="com.tc911.testcases.reports200.Reports200"/>
  <testcase name="logInOut" time="0.033" classname="com.tc911.testcases.reports200.Reports200"/>
  <testcase name="logInOut" time="0.031" classname="com.tc911.testcases.reports200.Reports200"/>
  <testcase name="logInOut" time="0.033" classname="com.tc911.testcases.reports200.Reports200"/>
  <testcase name="logInOut" time="0.034" classname="com.tc911.testcases.reports200.Reports200"/>
  <testcase name="logInOut" time="0.031" classname="com.tc911.testcases.reports200.Reports200"/>
  <testcase name="logInOut" time="0.031" classname="com.tc911.testcases.reports200.Reports200"/>
  <testcase name="logInOut" time="0.03" classname="com.tc911.testcases.reports200.Reports200"/>
  <testcase name="logInOut" time="0.043" classname="com.tc911.testcases.reports200.Reports200"/>
  <testcase name="logInOut" time="0.033" classname="com.tc911.testcases.reports200.Reports200"/>
  <testcase name="logInOut" time="0.032" classname="com.tc911.testcases.reports200.Reports200"/>
  <testcase name="logInOut" time="0.034" classname="com.tc911.testcases.reports200.Reports200"/>
  <testcase name="logInOut" time="0.034" classname="com.tc911.testcases.reports200.Reports200"/>
  <testcase name="logInOut" time="0.032" classname="com.tc911.testcases.reports200.Reports200"/>
  <testcase name="logInOut" time="0.031" classname="com.tc911.testcases.reports200.Reports200"/>
  <testcase name="logInOut" time="0.03" classname="com.tc911.testcases.reports200.Reports200"/>
  <testcase name="logInOut" time="0.031" classname="com.tc911.testcases.reports200.Reports200"/>
  <testcase name="logInOut" time="0.031" classname="com.tc911.testcases.reports200.Reports200"/>
  <testcase name="logInOut" time="0.031" classname="com.tc911.testcases.reports200.Reports200"/>
  <testcase name="logInOut" time="0.032" classname="com.tc911.testcases.reports200.Reports200"/>
  <testcase name="logInOut" time="0.03" classname="com.tc911.testcases.reports200.Reports200"/>
  <testcase name="logInOut" time="0.03" classname="com.tc911.testcases.reports200.Reports200"/>
  <testcase name="logInOut" time="0.031" classname="com.tc911.testcases.reports200.Reports200"/>
  <testcase name="logInOut" time="0.032" classname="com.tc911.testcases.reports200.Reports200"/>
  <testcase name="logInOut" time="0.029" classname="com.tc911.testcases.reports200.Reports200"/>
  <testcase name="logInOut" time="0.03" classname="com.tc911.testcases.reports200.Reports200"/>
  <testcase name="logInOut" time="0.031" classname="com.tc911.testcases.reports200.Reports200"/>
  <testcase name="logInOut" time="0.031" classname="com.tc911.testcases.reports200.Reports200"/>
  <testcase name="logInOut" time="0.03" classname="com.tc911.testcases.reports200.Reports200"/>
  <testcase name="logInOut" time="0.03" classname="com.tc911.testcases.reports200.Reports200"/>
  <testcase name="logInOut" time="0.029" classname="com.tc911.testcases.reports200.Reports200"/>
  <testcase name="logInOut" time="0.031" classname="com.tc911.testcases.reports200.Reports200"/>
  <testcase name="logInOut" time="0.48" classname="com.tc911.testcases.reports200.Reports200"/>
  <testcase name="logInOut" time="0.032" classname="com.tc911.testcases.reports200.Reports200"/>
  <testcase name="logInOut" time="0.486" classname="com.tc911.testcases.reports200.Reports200"/>
  <testcase name="logInOut" time="0.032" classname="com.tc911.testcases.reports200.Reports200"/>
  <testcase name="logInOut" time="0.036" classname="com.tc911.testcases.reports200.Reports200"/>
  <testcase name="logInOut" time="0.03" classname="com.tc911.testcases.reports200.Reports200"/>
  <testcase name="logInOut" time="0.035" classname="com.tc911.testcases.reports200.Reports200"/>
  <testcase name="logInOut" time="0.03" classname="com.tc911.testcases.reports200.Reports200"/>
  <testcase name="logInOut" time="0.031" classname="com.tc911.testcases.reports200.Reports200"/>
  <testcase name="logInOut" time="0.03" classname="com.tc911.testcases.reports200.Reports200"/>
  <testcase name="logInOut" time="0.034" classname="com.tc911.testcases.reports200.Reports200"/>
  <testcase name="logInOut" time="0.674" classname="com.tc911.testcases.reports200.Reports200"/>
  <testcase name="logInOut" time="0.032" classname="com.tc911.testcases.reports200.Reports200"/>
  <testcase name="logInOut" time="0.032" classname="com.tc911.testcases.reports200.Reports200"/>
  <testcase name="logInOut" time="0.03" classname="com.tc911.testcases.reports200.Reports200"/>
  <testcase name="logInOut" time="0.033" classname="com.tc911.testcases.reports200.Reports200"/>
  <testcase name="logInOut" time="0.032" classname="com.tc911.testcases.reports200.Reports200"/>
  <testcase name="logInOut" time="0.032" classname="com.tc911.testcases.reports200.Reports200"/>
  <testcase name="logInOut" time="0.03" classname="com.tc911.testcases.reports200.Reports200"/>
  <testcase name="logInOut" time="0.034" classname="com.tc911.testcases.reports200.Reports200"/>
  <testcase name="logInOut" time="0.03" classname="com.tc911.testcases.reports200.Reports200"/>
  <testcase name="logInOut" time="0.03" classname="com.tc911.testcases.reports200.Reports200"/>
  <testcase name="logInOut" time="0.034" classname="com.tc911.testcases.reports200.Reports200"/>
  <testcase name="logInOut" time="0.03" classname="com.tc911.testcases.reports200.Reports200"/>
  <testcase name="logInOut" time="0.031" classname="com.tc911.testcases.reports200.Reports200"/>
  <testcase name="logInOut" time="0.695" classname="com.tc911.testcases.reports200.Reports200"/>
  <testcase name="logInOut" time="0.029" classname="com.tc911.testcases.reports200.Reports200"/>
  <testcase name="logInOut" time="0.035" classname="com.tc911.testcases.reports200.Reports200"/>
  <testcase name="logInOut" time="0.031" classname="com.tc911.testcases.reports200.Reports200"/>
  <testcase name="logInOut" time="0.029" classname="com.tc911.testcases.reports200.Reports200"/>
  <testcase name="logInOut" time="0.032" classname="com.tc911.testcases.reports200.Reports200"/>
  <testcase name="logInOut" time="0.031" classname="com.tc911.testcases.reports200.Reports200"/>
  <testcase name="logInOut" time="0.031" classname="com.tc911.testcases.reports200.Reports200"/>
  <testcase name="logInOut" time="0.031" classname="com.tc911.testcases.reports200.Reports200"/>
  <testcase name="logInOut" time="0.031" classname="com.tc911.testcases.reports200.Reports200"/>
  <testcase name="logInOut" time="0.03" classname="com.tc911.testcases.reports200.Reports200"/>
  <testcase name="logInOut" time="0.03" classname="com.tc911.testcases.reports200.Reports200"/>
  <testcase name="logInOut" time="0.031" classname="com.tc911.testcases.reports200.Reports200"/>
  <testcase name="logInOut" time="0.031" classname="com.tc911.testcases.reports200.Reports200"/>
  <testcase name="logInOut" time="0.03" classname="com.tc911.testcases.reports200.Reports200"/>
  <testcase name="logInOut" time="0.032" classname="com.tc911.testcases.reports200.Reports200"/>
  <testcase name="logInOut" time="0.434" classname="com.tc911.testcases.reports200.Reports200"/>
  <testcase name="logInOut" time="0.032" classname="com.tc911.testcases.reports200.Reports200"/>
  <testcase name="logInOut" time="0.032" classname="com.tc911.testcases.reports200.Reports200"/>
  <testcase name="logInOut" time="0.03" classname="com.tc911.testcases.reports200.Reports200"/>
  <testcase name="logInOut" time="0.031" classname="com.tc911.testcases.reports200.Reports200"/>
  <testcase name="logInOut" time="0.03" classname="com.tc911.testcases.reports200.Reports200"/>
  <testcase name="logInOut" time="0.03" classname="com.tc911.testcases.reports200.Reports200"/>
  <testcase name="logInOut" time="0.031" classname="com.tc911.testcases.reports200.Reports200"/>
  <testcase name="logInOut" time="0.032" classname="com.tc911.testcases.reports200.Reports200"/>
  <testcase name="logInOut" time="0.826" classname="com.tc911.testcases.reports200.Reports200"/>
  <testcase name="logInOut" time="0.031" classname="com.tc911.testcases.reports200.Reports200"/>
  <testcase name="logInOut" time="0.033" classname="com.tc911.testcases.reports200.Reports200"/>
  <testcase name="logInOut" time="0.032" classname="com.tc911.testcases.reports200.Reports200"/>
  <testcase name="logInOut" time="0.464" classname="com.tc911.testcases.reports200.Reports200"/>
  <testcase name="logInOut" time="0.031" classname="com.tc911.testcases.reports200.Reports200"/>
  <testcase name="logInOut" time="0.034" classname="com.tc911.testcases.reports200.Reports200"/>
  <testcase name="logInOut" time="0.034" classname="com.tc911.testcases.reports200.Reports200"/>
  <testcase name="logInOut" time="0.831" classname="com.tc911.testcases.reports200.Reports200"/>
  <testcase name="logInOut" time="0.038" classname="com.tc911.testcases.reports200.Reports200"/>
  <testcase name="logInOut" time="0.033" classname="com.tc911.testcases.reports200.Reports200"/>
  <testcase name="logInOut" time="0.029" classname="com.tc911.testcases.reports200.Reports200"/>
  <testcase name="logInOut" time="0.032" classname="com.tc911.testcases.reports200.Reports200"/>
  <testcase name="logInOut" time="0.031" classname="com.tc911.testcases.reports200.Reports200"/>
  <testcase name="logInOut" time="0.031" classname="com.tc911.testcases.reports200.Reports200"/>
  <testcase name="logInOut" time="0.03" classname="com.tc911.testcases.reports200.Reports200"/>
  <testcase name="logInOut" time="0.03" classname="com.tc911.testcases.reports200.Reports200"/>
  <testcase name="logInOut" time="0.031" classname="com.tc911.testcases.reports200.Reports200"/>
  <testcase name="logInOut" time="0.029" classname="com.tc911.testcases.reports200.Reports200"/>
  <testcase name="logInOut" time="0.771" classname="com.tc911.testcases.reports200.Reports200"/>
  <testcase name="logInOut" time="0.031" classname="com.tc911.testcases.reports200.Reports200"/>
  <testcase name="logInOut" time="0.033" classname="com.tc911.testcases.reports200.Reports200"/>
  <testcase name="logInOut" time="0.03" classname="com.tc911.testcases.reports200.Reports200"/>
  <testcase name="logInOut" time="0.455" classname="com.tc911.testcases.reports200.Reports200"/>
  <testcase name="logInOut" time="0.445" classname="com.tc911.testcases.reports200.Reports200"/>
  <testcase name="logInOut" time="0.029" classname="com.tc911.testcases.reports200.Reports200"/>
  <testcase name="logInOut" time="0.03" classname="com.tc911.testcases.reports200.Reports200"/>
  <testcase name="logInOut" time="0.03" classname="com.tc911.testcases.reports200.Reports200"/>
  <testcase name="logInOut" time="0.03" classname="com.tc911.testcases.reports200.Reports200"/>
  <testcase name="logInOut" time="0.031" classname="com.tc911.testcases.reports200.Reports200"/>
  <testcase name="logInOut" time="0.032" classname="com.tc911.testcases.reports200.Reports200"/>
  <testcase name="logInOut" time="0.029" classname="com.tc911.testcases.reports200.Reports200"/>
  <testcase name="logInOut" time="0.783" classname="com.tc911.testcases.reports200.Reports200"/>
  <testcase name="logInOut" time="0.532" classname="com.tc911.testcases.reports200.Reports200"/>
  <testcase name="logInOut" time="0.03" classname="com.tc911.testcases.reports200.Reports200"/>
  <testcase name="logInOut" time="0.03" classname="com.tc911.testcases.reports200.Reports200"/>
  <testcase name="logInOut" time="0.03" classname="com.tc911.testcases.reports200.Reports200"/>
  <testcase name="logInOut" time="0.03" classname="com.tc911.testcases.reports200.Reports200"/>
  <testcase name="logInOut" time="0.031" classname="com.tc911.testcases.reports200.Reports200"/>
  <testcase name="logInOut" time="0.032" classname="com.tc911.testcases.reports200.Reports200"/>
  <testcase name="logInOut" time="0.031" classname="com.tc911.testcases.reports200.Reports200"/>
  <testcase name="logInOut" time="0.032" classname="com.tc911.testcases.reports200.Reports200"/>
  <testcase name="logInOut" time="0.03" classname="com.tc911.testcases.reports200.Reports200"/>
  <testcase name="logInOut" time="0.031" classname="com.tc911.testcases.reports200.Reports200"/>
  <testcase name="logInOut" time="0.031" classname="com.tc911.testcases.reports200.Reports200"/>
  <testcase name="logInOut" time="0.034" classname="com.tc911.testcases.reports200.Reports200"/>
  <testcase name="logInOut" time="0.031" classname="com.tc911.testcases.reports200.Reports200"/>
  <testcase name="logInOut" time="0.03" classname="com.tc911.testcases.reports200.Reports200"/>
  <testcase name="logInOut" time="0.033" classname="com.tc911.testcases.reports200.Reports200"/>
  <testcase name="logInOut" time="0.028" classname="com.tc911.testcases.reports200.Reports200"/>
  <testcase name="logInOut" time="0.031" classname="com.tc911.testcases.reports200.Reports200"/>
  <testcase name="logInOut" time="0.034" classname="com.tc911.testcases.reports200.Reports200"/>
  <testcase name="logInOut" time="0.039" classname="com.tc911.testcases.reports200.Reports200"/>
  <testcase name="logInOut" time="0.032" classname="com.tc911.testcases.reports200.Reports200"/>
  <testcase name="logInOut" time="0.033" classname="com.tc911.testcases.reports200.Reports200"/>
  <testcase name="logInOut" time="0.03" classname="com.tc911.testcases.reports200.Reports200"/>
  <testcase name="logInOut" time="0.031" classname="com.tc911.testcases.reports200.Reports200"/>
  <testcase name="logInOut" time="0.031" classname="com.tc911.testcases.reports200.Reports200"/>
  <testcase name="logInOut" time="0.031" classname="com.tc911.testcases.reports200.Reports200"/>
  <testcase name="logInOut" time="0.034" classname="com.tc911.testcases.reports200.Reports200"/>
  <testcase name="logInOut" time="0.03" classname="com.tc911.testcases.reports200.Reports200"/>
  <testcase name="logInOut" time="0.613" classname="com.tc911.testcases.reports200.Reports200"/>
  <testcase name="logInOut" time="0.033" classname="com.tc911.testcases.reports200.Reports200"/>
  <testcase name="logInOut" time="0.03" classname="com.tc911.testcases.reports200.Reports200"/>
  <testcase name="logInOut" time="0.03" classname="com.tc911.testcases.reports200.Reports200"/>
  <testcase name="logInOut" time="0.03" classname="com.tc911.testcases.reports200.Reports200"/>
  <testcase name="logInOut" time="0.031" classname="com.tc911.testcases.reports200.Reports200"/>
  <testcase name="logInOut" time="0.031" classname="com.tc911.testcases.reports200.Reports200"/>
  <testcase name="logInOut" time="0.032" classname="com.tc911.testcases.reports200.Reports200"/>
  <testcase name="logInOut" time="0.031" classname="com.tc911.testcases.reports200.Reports200"/>
  <testcase name="logInOut" time="0.03" classname="com.tc911.testcases.reports200.Reports200"/>
  <testcase name="logInOut" time="0.03" classname="com.tc911.testcases.reports200.Reports200"/>
  <testcase name="logInOut" time="0.029" classname="com.tc911.testcases.reports200.Reports200"/>
  <testcase name="logInOut" time="0.033" classname="com.tc911.testcases.reports200.Reports200"/>
  <testcase name="logInOut" time="0.032" classname="com.tc911.testcases.reports200.Reports200"/>
  <testcase name="logInOut" time="0.032" classname="com.tc911.testcases.reports200.Reports200"/>
  <testcase name="logInOut" time="0.66" classname="com.tc911.testcases.reports200.Reports200"/>
  <testcase name="logInOut" time="0.031" classname="com.tc911.testcases.reports200.Reports200"/>
  <testcase name="logInOut" time="0.755" classname="com.tc911.testcases.reports200.Reports200"/>
  <testcase name="logInOut" time="0.03" classname="com.tc911.testcases.reports200.Reports200"/>
  <testcase name="logInOut" time="0.03" classname="com.tc911.testcases.reports200.Reports200"/>
  <testcase name="logInOut" time="0.036" classname="com.tc911.testcases.reports200.Reports200"/>
  <testcase name="logInOut" time="0.029" classname="com.tc911.testcases.reports200.Reports200"/>
  <testcase name="logInOut" time="0.03" classname="com.tc911.testcases.reports200.Reports200"/>
  <testcase name="logInOut" time="0.03" classname="com.tc911.testcases.reports200.Reports200"/>
  <testcase name="logInOut" time="0.03" classname="com.tc911.testcases.reports200.Reports200"/>
  <testcase name="logInOut" time="0.029" classname="com.tc911.testcases.reports200.Reports200"/>
  <testcase name="logInOut" time="0.031" classname="com.tc911.testcases.reports200.Reports200"/>
  <testcase name="logInOut" time="0.031" classname="com.tc911.testcases.reports200.Reports200"/>
  <testcase name="logInOut" time="0.028" classname="com.tc911.testcases.reports200.Reports200"/>
  <testcase name="logInOut" time="0.03" classname="com.tc911.testcases.reports200.Reports200"/>
  <testcase name="printCase200" time="0.0" classname="com.tc911.testcases.reports200.Reports200">
    <ignored/>
  </testcase> <!-- printCase200 -->
  <testcase name="createCase200" time="0.0" classname="com.tc911.testcases.reports200.Reports200">
    <ignored/>
  </testcase> <!-- createCase200 -->
  <testcase name="openCase200" time="0.0" classname="com.tc911.testcases.reports200.Reports200">
    <ignored/>
  </testcase> <!-- openCase200 -->
  <testcase name="linkCase200" time="0.0" classname="com.tc911.testcases.reports200.Reports200">
    <ignored/>
  </testcase> <!-- linkCase200 -->
  <testcase name="creat200CaseLogout" time="0.0" classname="com.tc911.testcases.reports200.Reports200">
    <ignored/>
  </testcase> <!-- creat200CaseLogout -->
</testsuite> <!-- ChromeTest -->
