<?xml version="1.0" encoding="UTF-8"?>
<!-- Generated by org.testng.reporters.JUnitXMLReporter -->
<testsuite hostname="DATLE" ignored="5" name="IETest" tests="1" failures="0" timestamp="16 Jan 2018 07:53:37 GMT" time="13.306" errors="0">
  <testcase name="@BeforeMethod setUp" time="12.715" classname="com.tc911.testcases.reports200.Reports200">
    <failure type="org.openqa.selenium.UnhandledAlertException" message="Modal dialog present: Do you want to debug this webpage?
This webpage contains errors that might prevent it from displaying or working correctly. If you are not testing this webpage, click No.
Build info: version: &amp;apos;3.4.0&amp;apos;, revision: &amp;apos;unknown&amp;apos;, time: &amp;apos;unknown&amp;apos;
System info: host: &amp;apos;DATLE&amp;apos;, ip: &amp;apos;172.16.0.95&amp;apos;, os.name: &amp;apos;Windows 10&amp;apos;, os.arch: &amp;apos;amd64&amp;apos;, os.version: &amp;apos;10.0&amp;apos;, java.version: &amp;apos;1.8.0_102&amp;apos;
Driver info: org.openqa.selenium.ie.InternetExplorerDriver
Capabilities [{se:ieOptions={browserAttachTimeout=0.0, ie.enableFullPageScreenshot=true, enablePersistentHover=false, ie.forceCreateProcessApi=false, ie.forceShellWindowsApi=false, ignoreZoomSetting=false, ie.fileUploadDialogTimeout=3000.0, ie.useLegacyFileUploadDialogHandling=false, nativeEvents=true, ie.ensureCleanSession=true, elementScrollBehavior=0.0, ie.browserCommandLineSwitches=, requireWindowFocus=true, initialBrowserUrl=http://localhost:26018/, ignoreProtectedModeSettings=true, enableElementCacheCleanup=true}, browserName=internet explorer, pageLoadStrategy=normal, javascriptEnabled=true, version=11, platform=WINDOWS, unexpectedAlertBehaviour=dismiss}]
Session ID: 50551687-8407-4def-b6ad-ce21f5265a69">
      <![CDATA[org.openqa.selenium.UnhandledAlertException: Modal dialog present: Do you want to debug this webpage?This webpage contains errors that might prevent it from displaying or working correctly. If you are not testing this webpage, click No.Build info: version: '3.4.0', revision: 'unknown', time: 'unknown'System info: host: 'DATLE', ip: '172.16.0.95', os.name: 'Windows 10', os.arch: 'amd64', os.version: '10.0', java.version: '1.8.0_102'Driver info: org.openqa.selenium.ie.InternetExplorerDriverCapabilities [{se:ieOptions={browserAttachTimeout=0.0, ie.enableFullPageScreenshot=true, enablePersistentHover=false, ie.forceCreateProcessApi=false, ie.forceShellWindowsApi=false, ignoreZoomSetting=false, ie.fileUploadDialogTimeout=3000.0, ie.useLegacyFileUploadDialogHandling=false, nativeEvents=true, ie.ensureCleanSession=true, elementScrollBehavior=0.0, ie.browserCommandLineSwitches=, requireWindowFocus=true, initialBrowserUrl=http://localhost:26018/, ignoreProtectedModeSettings=true, enableElementCacheCleanup=true}, browserName=internet explorer, pageLoadStrategy=normal, javascriptEnabled=true, version=11, platform=WINDOWS, unexpectedAlertBehaviour=dismiss}]Session ID: 50551687-8407-4def-b6ad-ce21f5265a69at org.openqa.selenium.remote.ErrorHandler.createThrowable(ErrorHandler.java:215)at org.openqa.selenium.remote.ErrorHandler.createUnhandledAlertException(ErrorHandler.java:196)at org.openqa.selenium.remote.ErrorHandler.throwIfResponseFailed(ErrorHandler.java:157)at org.openqa.selenium.remote.RemoteWebDriver.execute(RemoteWebDriver.java:671)at org.openqa.selenium.remote.RemoteWebDriver$RemoteWebDriverOptions$RemoteTimeouts.implicitlyWait(RemoteWebDriver.java:868)at com.tc911.common.core.Wait.changeImplicitWait(Wait.java:181)at com.tc911.common.core.Wait.forElementVisible(Wait.java:128)at com.tc911.common.core.BasePageObject.setupLogin(BasePageObject.java:101)at com.tc911.testcases.reports200.Reports200.setUp(Reports200.java:19)... Removed 32 stack frames]]>
    </failure>
  </testcase> <!-- @BeforeMethod setUp -->
  <testcase name="@AfterMethod accessMainMenu" time="0.569" classname="com.tc911.testcases.reports200.Reports200">
    <failure type="org.openqa.selenium.UnhandledAlertException" message="Modal dialog present: Do you want to debug this webpage?
This webpage contains errors that might prevent it from displaying or working correctly. If you are not testing this webpage, click No.
Build info: version: &amp;apos;3.4.0&amp;apos;, revision: &amp;apos;unknown&amp;apos;, time: &amp;apos;unknown&amp;apos;
System info: host: &amp;apos;DATLE&amp;apos;, ip: &amp;apos;172.16.0.95&amp;apos;, os.name: &amp;apos;Windows 10&amp;apos;, os.arch: &amp;apos;amd64&amp;apos;, os.version: &amp;apos;10.0&amp;apos;, java.version: &amp;apos;1.8.0_102&amp;apos;
Driver info: org.openqa.selenium.ie.InternetExplorerDriver
Capabilities [{se:ieOptions={browserAttachTimeout=0.0, ie.enableFullPageScreenshot=true, enablePersistentHover=false, ie.forceCreateProcessApi=false, ie.forceShellWindowsApi=false, ignoreZoomSetting=false, ie.fileUploadDialogTimeout=3000.0, ie.useLegacyFileUploadDialogHandling=false, nativeEvents=true, ie.ensureCleanSession=true, elementScrollBehavior=0.0, ie.browserCommandLineSwitches=, requireWindowFocus=true, initialBrowserUrl=http://localhost:26018/, ignoreProtectedModeSettings=true, enableElementCacheCleanup=true}, browserName=internet explorer, pageLoadStrategy=normal, javascriptEnabled=true, version=11, platform=WINDOWS, unexpectedAlertBehaviour=dismiss}]
Session ID: 50551687-8407-4def-b6ad-ce21f5265a69">
      <![CDATA[org.openqa.selenium.UnhandledAlertException: Modal dialog present: Do you want to debug this webpage?This webpage contains errors that might prevent it from displaying or working correctly. If you are not testing this webpage, click No.Build info: version: '3.4.0', revision: 'unknown', time: 'unknown'System info: host: 'DATLE', ip: '172.16.0.95', os.name: 'Windows 10', os.arch: 'amd64', os.version: '10.0', java.version: '1.8.0_102'Driver info: org.openqa.selenium.ie.InternetExplorerDriverCapabilities [{se:ieOptions={browserAttachTimeout=0.0, ie.enableFullPageScreenshot=true, enablePersistentHover=false, ie.forceCreateProcessApi=false, ie.forceShellWindowsApi=false, ignoreZoomSetting=false, ie.fileUploadDialogTimeout=3000.0, ie.useLegacyFileUploadDialogHandling=false, nativeEvents=true, ie.ensureCleanSession=true, elementScrollBehavior=0.0, ie.browserCommandLineSwitches=, requireWindowFocus=true, initialBrowserUrl=http://localhost:26018/, ignoreProtectedModeSettings=true, enableElementCacheCleanup=true}, browserName=internet explorer, pageLoadStrategy=normal, javascriptEnabled=true, version=11, platform=WINDOWS, unexpectedAlertBehaviour=dismiss}]Session ID: 50551687-8407-4def-b6ad-ce21f5265a69at org.openqa.selenium.remote.ErrorHandler.createThrowable(ErrorHandler.java:215)at org.openqa.selenium.remote.ErrorHandler.createUnhandledAlertException(ErrorHandler.java:196)at org.openqa.selenium.remote.ErrorHandler.throwIfResponseFailed(ErrorHandler.java:157)at org.openqa.selenium.remote.RemoteWebDriver.execute(RemoteWebDriver.java:671)at org.openqa.selenium.remote.RemoteWebDriver.execute(RemoteWebDriver.java:694)at org.openqa.selenium.remote.RemoteWebDriver.close(RemoteWebDriver.java:523)at com.tc911.common.core.BasePageObject.quitDriver(BasePageObject.java:60)at com.tc911.testcases.reports200.Reports200.accessMainMenu(Reports200.java:28)... Removed 32 stack frames]]>
    </failure>
  </testcase> <!-- @AfterMethod accessMainMenu -->
  <testcase name="linkCase200" time="0.0" classname="com.tc911.testcases.reports200.Reports200">
    <skipped/>
  </testcase> <!-- linkCase200 -->
  <testcase name="logInOut" time="0.0" classname="com.tc911.testcases.reports200.Reports200">
    <ignored/>
  </testcase> <!-- logInOut -->
  <testcase name="printCase200" time="0.0" classname="com.tc911.testcases.reports200.Reports200">
    <ignored/>
  </testcase> <!-- printCase200 -->
  <testcase name="createCase200" time="0.0" classname="com.tc911.testcases.reports200.Reports200">
    <ignored/>
  </testcase> <!-- createCase200 -->
  <testcase name="openCase200" time="0.0" classname="com.tc911.testcases.reports200.Reports200">
    <ignored/>
  </testcase> <!-- openCase200 -->
  <testcase name="creat200CaseLogout" time="0.0" classname="com.tc911.testcases.reports200.Reports200">
    <ignored/>
  </testcase> <!-- creat200CaseLogout -->
</testsuite> <!-- IETest -->
