<?xml version="1.0" encoding="UTF-8"?>
<testng-results skipped="0" failed="1" ignored="5" total="6" passed="0">
  <reporter-output>
  </reporter-output>
  <suite name="Suite" duration-ms="30164" started-at="2018-01-17T07:53:46Z" finished-at="2018-01-17T07:54:17Z">
    <groups>
    </groups>
    <test name="EdgeTest" duration-ms="30164" started-at="2018-01-17T07:53:46Z" finished-at="2018-01-17T07:54:17Z">
      <class name="com.tc911.testcases.reports200.Reports200">
        <test-method status="PASS" signature="setUp(java.lang.String)[pri:0, instance:com.tc911.testcases.reports200.Reports200@69b0fd6f]" name="setUp" is-config="true" duration-ms="3608" started-at="2018-01-17T14:53:46Z" finished-at="2018-01-17T14:53:50Z">
          <params>
            <param index="0">
              <value>
                <![CDATA[Edge]]>
              </value>
            </param>
          </params>
          <reporter-output>
          </reporter-output>
        </test-method> <!-- setUp -->
        <test-method status="FAIL" signature="createCase200()[pri:1, instance:com.tc911.testcases.reports200.Reports200@69b0fd6f]" name="createCase200" duration-ms="23037" started-at="2018-01-17T14:53:50Z" finished-at="2018-01-17T14:54:13Z">
          <exception class="org.openqa.selenium.NoSuchElementException">
            <message>
              <![CDATA[No such element (WARNING: The server did not provide any stacktrace information)Command duration or timeout: 15.00 secondsFor documentation on this error, please visit: http://seleniumhq.org/exceptions/no_such_element.htmlBuild info: version: '3.4.0', revision: 'unknown', time: 'unknown'System info: host: 'DATLE', ip: '172.16.0.95', os.name: 'Windows 10', os.arch: 'amd64', os.version: '10.0', java.version: '1.8.0_102'Driver info: org.openqa.selenium.edge.EdgeDriverCapabilities [{applicationCacheEnabled=true, pageLoadStrategy=normal, platform=ANY, acceptSslCerts=true, browserVersion=40.15063.674.0, platformVersion=10, locationContextEnabled=true, webStorageEnabled=true, browserName=MicrosoftEdge, takesScreenshot=true, takesElementScreenshot=true, javascriptEnabled=true, platformName=windows}]Session ID: E4B7BBA3-5716-4E83-A75A-52C1D89C499B*** Element info: {Using=id, value=caseAssignOK}]]>
            </message>
            <full-stacktrace>
              <![CDATA[org.openqa.selenium.NoSuchElementException: No such element (WARNING: The server did not provide any stacktrace information)Command duration or timeout: 15.00 secondsFor documentation on this error, please visit: http://seleniumhq.org/exceptions/no_such_element.htmlBuild info: version: '3.4.0', revision: 'unknown', time: 'unknown'System info: host: 'DATLE', ip: '172.16.0.95', os.name: 'Windows 10', os.arch: 'amd64', os.version: '10.0', java.version: '1.8.0_102'Driver info: org.openqa.selenium.edge.EdgeDriverCapabilities [{applicationCacheEnabled=true, pageLoadStrategy=normal, platform=ANY, acceptSslCerts=true, browserVersion=40.15063.674.0, platformVersion=10, locationContextEnabled=true, webStorageEnabled=true, browserName=MicrosoftEdge, takesScreenshot=true, takesElementScreenshot=true, javascriptEnabled=true, platformName=windows}]Session ID: E4B7BBA3-5716-4E83-A75A-52C1D89C499B*** Element info: {Using=id, value=caseAssignOK}at sun.reflect.NativeConstructorAccessorImpl.newInstance0(Native Method)at sun.reflect.NativeConstructorAccessorImpl.newInstance(Unknown Source)at sun.reflect.DelegatingConstructorAccessorImpl.newInstance(Unknown Source)at java.lang.reflect.Constructor.newInstance(Unknown Source)at org.openqa.selenium.remote.ErrorHandler.createThrowable(ErrorHandler.java:215)at org.openqa.selenium.remote.ErrorHandler.throwIfResponseFailed(ErrorHandler.java:167)at org.openqa.selenium.remote.RemoteWebDriver.execute(RemoteWebDriver.java:671)at org.openqa.selenium.remote.RemoteWebDriver.findElement(RemoteWebDriver.java:410)at org.openqa.selenium.remote.RemoteWebDriver.findElementById(RemoteWebDriver.java:453)at org.openqa.selenium.By$ById.findElement(By.java:218)at org.openqa.selenium.remote.RemoteWebDriver.findElement(RemoteWebDriver.java:402)at com.tc911.common.element.QuickCheck.createCase(QuickCheck.java:51)at com.tc911.testcases.reports200.Reports200.createCase200(Reports200.java:58)at sun.reflect.NativeMethodAccessorImpl.invoke0(Native Method)at sun.reflect.NativeMethodAccessorImpl.invoke(Unknown Source)at sun.reflect.DelegatingMethodAccessorImpl.invoke(Unknown Source)at java.lang.reflect.Method.invoke(Unknown Source)at org.testng.internal.MethodInvocationHelper.invokeMethod(MethodInvocationHelper.java:124)at org.testng.internal.Invoker.invokeMethod(Invoker.java:571)at org.testng.internal.Invoker.invokeTestMethod(Invoker.java:707)at org.testng.internal.Invoker.invokeTestMethods(Invoker.java:979)at org.testng.internal.TestMethodWorker.invokeTestMethods(TestMethodWorker.java:125)at org.testng.internal.TestMethodWorker.run(TestMethodWorker.java:109)at org.testng.TestRunner.privateRun(TestRunner.java:648)at org.testng.TestRunner.run(TestRunner.java:505)at org.testng.SuiteRunner.runTest(SuiteRunner.java:455)at org.testng.SuiteRunner.runSequentially(SuiteRunner.java:450)at org.testng.SuiteRunner.privateRun(SuiteRunner.java:415)at org.testng.SuiteRunner.run(SuiteRunner.java:364)at org.testng.SuiteRunnerWorker.runSuite(SuiteRunnerWorker.java:52)at org.testng.SuiteRunnerWorker.run(SuiteRunnerWorker.java:84)at org.testng.TestNG.runSuitesSequentially(TestNG.java:1187)at org.testng.TestNG.runSuitesLocally(TestNG.java:1116)at org.testng.TestNG.runSuites(TestNG.java:1028)at org.testng.TestNG.run(TestNG.java:996)at org.testng.remote.AbstractRemoteTestNG.run(AbstractRemoteTestNG.java:114)at org.testng.remote.RemoteTestNG.initAndRun(RemoteTestNG.java:251)at org.testng.remote.RemoteTestNG.main(RemoteTestNG.java:77)]]>
            </full-stacktrace>
          </exception> <!-- org.openqa.selenium.NoSuchElementException -->
          <reporter-output>
          </reporter-output>
        </test-method> <!-- createCase200 -->
        <test-method status="PASS" signature="accessMainMenu()[pri:0, instance:com.tc911.testcases.reports200.Reports200@69b0fd6f]" name="accessMainMenu" is-config="true" duration-ms="3503" started-at="2018-01-17T14:54:13Z" finished-at="2018-01-17T14:54:17Z">
          <reporter-output>
          </reporter-output>
        </test-method> <!-- accessMainMenu -->
      </class> <!-- com.tc911.testcases.reports200.Reports200 -->
    </test> <!-- EdgeTest -->
  </suite> <!-- Suite -->
</testng-results>
